<?xml version="1.0" encoding="UTF-8"?>
<testng-results skipped="0" failed="0" ignored="0" total="3" passed="3">
  <reporter-output>
  </reporter-output>
  <suite name="Default suite" duration-ms="188" started-at="2021-11-22T03:28:15Z" finished-at="2021-11-22T03:28:15Z">
    <groups>
    </groups>
    <test name="Default test" duration-ms="188" started-at="2021-11-22T03:28:15Z" finished-at="2021-11-22T03:28:15Z">
      <class name="org.Try.TestNgOrder">
        <test-method status="PASS" signature="launchingBrowser()[pri:0, instance:org.Try.TestNgOrder@dc24521]" name="launchingBrowser" is-config="true" duration-ms="78" started-at="2021-11-22T08:58:15Z" finished-at="2021-11-22T08:58:15Z">
          <reporter-output>
          </reporter-output>
        </test-method> <!-- launchingBrowser -->
        <test-method status="PASS" signature="Tc2()[pri:0, instance:org.Try.TestNgOrder@dc24521]" name="Tc2" duration-ms="16" started-at="2021-11-22T08:58:15Z" finished-at="2021-11-22T08:58:15Z">
          <reporter-output>
          </reporter-output>
        </test-method> <!-- Tc2 -->
        <test-method status="PASS" signature="startTime()[pri:0, instance:org.Try.TestNgOrder@dc24521]" name="startTime" is-config="true" duration-ms="0" started-at="2021-11-22T08:58:15Z" finished-at="2021-11-22T08:58:15Z">
          <reporter-output>
          </reporter-output>
        </test-method> <!-- startTime -->
        <test-method status="PASS" signature="startTime()[pri:0, instance:org.Try.TestNgOrder@dc24521]" name="startTime" is-config="true" duration-ms="0" started-at="2021-11-22T08:58:15Z" finished-at="2021-11-22T08:58:15Z">
          <reporter-output>
          </reporter-output>
        </test-method> <!-- startTime -->
        <test-method status="PASS" signature="Tc3()[pri:0, instance:org.Try.TestNgOrder@dc24521]" name="Tc3" duration-ms="15" started-at="2021-11-22T08:58:15Z" finished-at="2021-11-22T08:58:15Z">
          <reporter-output>
          </reporter-output>
        </test-method> <!-- Tc3 -->
        <test-method status="PASS" signature="endtime()[pri:0, instance:org.Try.TestNgOrder@dc24521]" name="endtime" is-config="true" duration-ms="0" started-at="2021-11-22T08:58:15Z" finished-at="2021-11-22T08:58:15Z">
          <reporter-output>
          </reporter-output>
        </test-method> <!-- endtime -->
        <test-method status="PASS" signature="tc1()[pri:0, instance:org.Try.TestNgOrder@dc24521]" name="tc1" duration-ms="16" started-at="2021-11-22T08:58:15Z" finished-at="2021-11-22T08:58:15Z">
          <reporter-output>
          </reporter-output>
        </test-method> <!-- tc1 -->
        <test-method status="PASS" signature="endtime()[pri:0, instance:org.Try.TestNgOrder@dc24521]" name="endtime" is-config="true" duration-ms="0" started-at="2021-11-22T08:58:15Z" finished-at="2021-11-22T08:58:15Z">
          <reporter-output>
          </reporter-output>
        </test-method> <!-- endtime -->
        <test-method status="PASS" signature="startTime()[pri:0, instance:org.Try.TestNgOrder@dc24521]" name="startTime" is-config="true" duration-ms="0" started-at="2021-11-22T08:58:15Z" finished-at="2021-11-22T08:58:15Z">
          <reporter-output>
          </reporter-output>
        </test-method> <!-- startTime -->
        <test-method status="PASS" signature="endtime()[pri:0, instance:org.Try.TestNgOrder@dc24521]" name="endtime" is-config="true" duration-ms="0" started-at="2021-11-22T08:58:15Z" finished-at="2021-11-22T08:58:15Z">
          <reporter-output>
          </reporter-output>
        </test-method> <!-- endtime -->
        <test-method status="PASS" signature="closingBrowser()[pri:0, instance:org.Try.TestNgOrder@dc24521]" name="closingBrowser" is-config="true" duration-ms="0" started-at="2021-11-22T08:58:15Z" finished-at="2021-11-22T08:58:15Z">
          <reporter-output>
          </reporter-output>
        </test-method> <!-- closingBrowser -->
      </class> <!-- org.Try.TestNgOrder -->
    </test> <!-- Default test -->
  </suite> <!-- Default suite -->
</testng-results>
